<?xml version="1.0" encoding="UTF-8"?>
<!-- Generated by org.testng.reporters.JUnitReportReporter -->
<testsuite hostname="admin-PC" name="scripts.workflows.Test232" tests="1" failures="0" timestamp="8 Nov 2015 22:07:38 GMT" time="0.001" errors="1">
  <testcase name="f" time="0.001" classname="scripts.workflows.Test232">
    <error type="org.openqa.selenium.WebDriverException" message="Failed to connect to binary FirefoxBinary(C:\Program Files\Mozilla Firefox\firefox.exe) on port 7055; process output follows: 
8ce6fd}&quot;,&quot;installDate&quot;:1447019677750,&quot;updateDate&quot;:1447019677750,&quot;applyBackgroundUpdates&quot;:1,&quot;skinnable&quot;:true,&quot;size&quot;:24166,&quot;sourceURI&quot;:null,&quot;releaseNotesURI&quot;:null,&quot;softDisabled&quot;:false,&quot;foreignInstall&quot;:false,&quot;hasBinaryComponents&quot;:false,&quot;strictCompatibility&quot;:true,&quot;locales&quot;:[],&quot;targetApplications&quot;:[{&quot;id&quot;:&quot;{ec8030f7-c20a-464f-9b0e-13a3a9e97384}&quot;,&quot;minVersion&quot;:&quot;43.0&quot;,&quot;maxVersion&quot;:&quot;43.0&quot;}],&quot;targetPlatforms&quot;:[]}
1447020412708	addons.xpi	DEBUG	getModTime: Recursive scan of {972ce4c6-7e08-4474-a285-3208198ce6fd}
1447020412710	DeferredSave.extensions.json	DEBUG	Save changes
1447020412710	addons.xpi	DEBUG	Updating database with changes to installed add-ons
1447020412710	addons.xpi-utils	DEBUG	Updating add-on states
1447020412711	addons.xpi-utils	DEBUG	Writing add-ons list
1447020412715	addons.xpi	DEBUG	Registering manifest for C:\Program Files\Mozilla Firefox\browser\extensions\{82AF8DCA-6DE9-405D-BD5E-43525BDAD38A}.xpi
1447020412715	addons.xpi	DEBUG	Calling bootstrap method startup on {82AF8DCA-6DE9-405D-BD5E-43525BDAD38A} version 7.5.0.9082
1447020412766	addons.manager	DEBUG	Registering shutdown blocker for XPIProvider
1447020412767	addons.manager	DEBUG	Provider finished startup: XPIProvider
1447020412767	addons.manager	DEBUG	Starting provider: LightweightThemeManager
1447020412767	addons.manager	DEBUG	Registering shutdown blocker for LightweightThemeManager
1447020412767	addons.manager	DEBUG	Provider finished startup: LightweightThemeManager
1447020412767	addons.manager	DEBUG	Starting provider: GMPProvider
1447020412774	addons.manager	DEBUG	Registering shutdown blocker for GMPProvider
1447020412774	addons.manager	DEBUG	Provider finished startup: GMPProvider
1447020412774	addons.manager	DEBUG	Starting provider: PluginProvider
1447020412775	addons.manager	DEBUG	Registering shutdown blocker for PluginProvider
1447020412775	addons.manager	DEBUG	Provider finished startup: PluginProvider
1447020412775	addons.manager	DEBUG	Completed startup sequence
1447020413194	addons.manager	DEBUG	Starting provider: &lt;unnamed-provider&gt;
1447020413194	addons.manager	DEBUG	Registering shutdown blocker for &lt;unnamed-provider&gt;
1447020413194	addons.manager	DEBUG	Provider finished startup: &lt;unnamed-provider&gt;
1447020413314	DeferredSave.extensions.json	DEBUG	Starting write
1447020413668	addons.repository	DEBUG	No addons.json found.
1447020413669	DeferredSave.addons.json	DEBUG	Save changes
1447020413673	DeferredSave.addons.json	DEBUG	Starting timer
1447020413702	addons.manager	DEBUG	Starting provider: PreviousExperimentProvider
1447020413703	addons.manager	DEBUG	Registering shutdown blocker for PreviousExperimentProvider
1447020413703	addons.manager	DEBUG	Provider finished startup: PreviousExperimentProvider
1447020413706	DeferredSave.extensions.json	DEBUG	Write succeeded
1447020413706	addons.xpi-utils	DEBUG	XPI Database saved, setting schema version preference to 17
1447020413730	DeferredSave.addons.json	DEBUG	Starting write
1447020413743	DeferredSave.addons.json	DEBUG	Write succeeded
JavaScript error: resource://skype_ff_extension-at-jetpack/skype_ff_extension/data/c2c_options_menu_localization.js, line 189: TypeError: document.getElementById(...) is null
1447020424517	addons.xpi	DEBUG	Calling bootstrap method shutdown on {82AF8DCA-6DE9-405D-BD5E-43525BDAD38A} version 7.5.0.9082
1447020424871	addons.manager	DEBUG	shutdown
1447020424871	addons.manager	DEBUG	Calling shutdown blocker for XPIProvider
1447020424871	addons.xpi	DEBUG	shutdown
1447020424872	addons.xpi-utils	DEBUG	shutdown
1447020424872	addons.manager	DEBUG	Calling shutdown blocker for LightweightThemeManager
1447020424872	addons.manager	DEBUG	Calling shutdown blocker for GMPProvider
1447020424874	addons.manager	DEBUG	Calling shutdown blocker for PluginProvider
1447020424875	addons.manager	DEBUG	Calling shutdown blocker for &lt;unnamed-provider&gt;
1447020424876	addons.manager	DEBUG	Calling shutdown blocker for PreviousExperimentProvider
1447020424880	addons.xpi	DEBUG	Notifying XPI shutdown observers
1447020424885	addons.manager	DEBUG	Async provider shutdown done

Build info: version: &#039;2.47.1&#039;, revision: &#039;unknown&#039;, time: &#039;2015-07-30 11:02:44&#039;
System info: host: &#039;admin-PC&#039;, ip: &#039;192.168.0.20&#039;, os.name: &#039;Windows 8&#039;, os.arch: &#039;x86&#039;, os.version: &#039;6.2&#039;, java.version: &#039;1.7.0_09&#039;
Driver info: driver.version: TestDriver">
      <![CDATA[org.openqa.selenium.WebDriverException: Failed to connect to binary FirefoxBinary(C:\Program Files\Mozilla Firefox\firefox.exe) on port 7055; process output follows: 
8ce6fd}","installDate":1447019677750,"updateDate":1447019677750,"applyBackgroundUpdates":1,"skinnable":true,"size":24166,"sourceURI":null,"releaseNotesURI":null,"softDisabled":false,"foreignInstall":false,"hasBinaryComponents":false,"strictCompatibility":true,"locales":[],"targetApplications":[{"id":"{ec8030f7-c20a-464f-9b0e-13a3a9e97384}","minVersion":"43.0","maxVersion":"43.0"}],"targetPlatforms":[]}
1447020412708	addons.xpi	DEBUG	getModTime: Recursive scan of {972ce4c6-7e08-4474-a285-3208198ce6fd}
1447020412710	DeferredSave.extensions.json	DEBUG	Save changes
1447020412710	addons.xpi	DEBUG	Updating database with changes to installed add-ons
1447020412710	addons.xpi-utils	DEBUG	Updating add-on states
1447020412711	addons.xpi-utils	DEBUG	Writing add-ons list
1447020412715	addons.xpi	DEBUG	Registering manifest for C:\Program Files\Mozilla Firefox\browser\extensions\{82AF8DCA-6DE9-405D-BD5E-43525BDAD38A}.xpi
1447020412715	addons.xpi	DEBUG	Calling bootstrap method startup on {82AF8DCA-6DE9-405D-BD5E-43525BDAD38A} version 7.5.0.9082
1447020412766	addons.manager	DEBUG	Registering shutdown blocker for XPIProvider
1447020412767	addons.manager	DEBUG	Provider finished startup: XPIProvider
1447020412767	addons.manager	DEBUG	Starting provider: LightweightThemeManager
1447020412767	addons.manager	DEBUG	Registering shutdown blocker for LightweightThemeManager
1447020412767	addons.manager	DEBUG	Provider finished startup: LightweightThemeManager
1447020412767	addons.manager	DEBUG	Starting provider: GMPProvider
1447020412774	addons.manager	DEBUG	Registering shutdown blocker for GMPProvider
1447020412774	addons.manager	DEBUG	Provider finished startup: GMPProvider
1447020412774	addons.manager	DEBUG	Starting provider: PluginProvider
1447020412775	addons.manager	DEBUG	Registering shutdown blocker for PluginProvider
1447020412775	addons.manager	DEBUG	Provider finished startup: PluginProvider
1447020412775	addons.manager	DEBUG	Completed startup sequence
1447020413194	addons.manager	DEBUG	Starting provider: <unnamed-provider>
1447020413194	addons.manager	DEBUG	Registering shutdown blocker for <unnamed-provider>
1447020413194	addons.manager	DEBUG	Provider finished startup: <unnamed-provider>
1447020413314	DeferredSave.extensions.json	DEBUG	Starting write
1447020413668	addons.repository	DEBUG	No addons.json found.
1447020413669	DeferredSave.addons.json	DEBUG	Save changes
1447020413673	DeferredSave.addons.json	DEBUG	Starting timer
1447020413702	addons.manager	DEBUG	Starting provider: PreviousExperimentProvider
1447020413703	addons.manager	DEBUG	Registering shutdown blocker for PreviousExperimentProvider
1447020413703	addons.manager	DEBUG	Provider finished startup: PreviousExperimentProvider
1447020413706	DeferredSave.extensions.json	DEBUG	Write succeeded
1447020413706	addons.xpi-utils	DEBUG	XPI Database saved, setting schema version preference to 17
1447020413730	DeferredSave.addons.json	DEBUG	Starting write
1447020413743	DeferredSave.addons.json	DEBUG	Write succeeded
JavaScript error: resource://skype_ff_extension-at-jetpack/skype_ff_extension/data/c2c_options_menu_localization.js, line 189: TypeError: document.getElementById(...) is null
1447020424517	addons.xpi	DEBUG	Calling bootstrap method shutdown on {82AF8DCA-6DE9-405D-BD5E-43525BDAD38A} version 7.5.0.9082
1447020424871	addons.manager	DEBUG	shutdown
1447020424871	addons.manager	DEBUG	Calling shutdown blocker for XPIProvider
1447020424871	addons.xpi	DEBUG	shutdown
1447020424872	addons.xpi-utils	DEBUG	shutdown
1447020424872	addons.manager	DEBUG	Calling shutdown blocker for LightweightThemeManager
1447020424872	addons.manager	DEBUG	Calling shutdown blocker for GMPProvider
1447020424874	addons.manager	DEBUG	Calling shutdown blocker for PluginProvider
1447020424875	addons.manager	DEBUG	Calling shutdown blocker for <unnamed-provider>
1447020424876	addons.manager	DEBUG	Calling shutdown blocker for PreviousExperimentProvider
1447020424880	addons.xpi	DEBUG	Notifying XPI shutdown observers
1447020424885	addons.manager	DEBUG	Async provider shutdown done

Build info: version: '2.47.1', revision: 'unknown', time: '2015-07-30 11:02:44'
System info: host: 'admin-PC', ip: '192.168.0.20', os.name: 'Windows 8', os.arch: 'x86', os.version: '6.2', java.version: '1.7.0_09'
Driver info: driver.version: TestDriver
	at org.openqa.selenium.firefox.internal.NewProfileExtensionConnection.start(NewProfileExtensionConnection.java:134)
	at org.openqa.selenium.firefox.FirefoxDriver.startClient(FirefoxDriver.java:276)
	at org.openqa.selenium.remote.RemoteWebDriver.<init>(RemoteWebDriver.java:116)
	at org.openqa.selenium.firefox.FirefoxDriver.<init>(FirefoxDriver.java:221)
	at org.openqa.selenium.firefox.FirefoxDriver.<init>(FirefoxDriver.java:216)
	at org.openqa.selenium.firefox.FirefoxDriver.<init>(FirefoxDriver.java:212)
	at org.openqa.selenium.firefox.FirefoxDriver.<init>(FirefoxDriver.java:129)
	at ctaf.accelerators.TestDriver.beforeTest(TestDriver.java:58)
	at sun.reflect.NativeMethodAccessorImpl.invoke0(Native Method)
	at sun.reflect.NativeMethodAccessorImpl.invoke(NativeMethodAccessorImpl.java:57)
	at sun.reflect.DelegatingMethodAccessorImpl.invoke(DelegatingMethodAccessorImpl.java:43)
	at java.lang.reflect.Method.invoke(Method.java:601)
	at org.testng.internal.MethodInvocationHelper.invokeMethod(MethodInvocationHelper.java:85)
	at org.testng.internal.Invoker.invokeConfigurationMethod(Invoker.java:510)
	at org.testng.internal.Invoker.invokeConfigurations(Invoker.java:211)
	at org.testng.internal.Invoker.invokeConfigurations(Invoker.java:138)
	at org.testng.TestRunner.beforeRun(TestRunner.java:648)
	at org.testng.TestRunner.run(TestRunner.java:616)
	at org.testng.SuiteRunner.runTest(SuiteRunner.java:359)
	at org.testng.SuiteRunner.runSequentially(SuiteRunner.java:354)
	at org.testng.SuiteRunner.privateRun(SuiteRunner.java:312)
	at org.testng.SuiteRunner.run(SuiteRunner.java:261)
	at org.testng.SuiteRunnerWorker.runSuite(SuiteRunnerWorker.java:52)
	at org.testng.SuiteRunnerWorker.run(SuiteRunnerWorker.java:86)
	at org.testng.TestNG.runSuitesSequentially(TestNG.java:1191)
	at org.testng.TestNG.runSuitesLocally(TestNG.java:1116)
	at org.testng.TestNG.run(TestNG.java:1024)
	at org.testng.remote.RemoteTestNG.run(RemoteTestNG.java:112)
	at org.testng.remote.RemoteTestNG.initAndRun(RemoteTestNG.java:205)
	at org.testng.remote.RemoteTestNG.main(RemoteTestNG.java:176)
Caused by: org.openqa.selenium.firefox.NotConnectedException: Unable to connect to host 127.0.0.1 on port 7055 after 45000 ms. Firefox console output:
8ce6fd}","installDate":1447019677750,"updateDate":1447019677750,"applyBackgroundUpdates":1,"skinnable":true,"size":24166,"sourceURI":null,"releaseNotesURI":null,"softDisabled":false,"foreignInstall":false,"hasBinaryComponents":false,"strictCompatibility":true,"locales":[],"targetApplications":[{"id":"{ec8030f7-c20a-464f-9b0e-13a3a9e97384}","minVersion":"43.0","maxVersion":"43.0"}],"targetPlatforms":[]}
1447020412708	addons.xpi	DEBUG	getModTime: Recursive scan of {972ce4c6-7e08-4474-a285-3208198ce6fd}
1447020412710	DeferredSave.extensions.json	DEBUG	Save changes
1447020412710	addons.xpi	DEBUG	Updating database with changes to installed add-ons
1447020412710	addons.xpi-utils	DEBUG	Updating add-on states
1447020412711	addons.xpi-utils	DEBUG	Writing add-ons list
1447020412715	addons.xpi	DEBUG	Registering manifest for C:\Program Files\Mozilla Firefox\browser\extensions\{82AF8DCA-6DE9-405D-BD5E-43525BDAD38A}.xpi
1447020412715	addons.xpi	DEBUG	Calling bootstrap method startup on {82AF8DCA-6DE9-405D-BD5E-43525BDAD38A} version 7.5.0.9082
1447020412766	addons.manager	DEBUG	Registering shutdown blocker for XPIProvider
1447020412767	addons.manager	DEBUG	Provider finished startup: XPIProvider
1447020412767	addons.manager	DEBUG	Starting provider: LightweightThemeManager
1447020412767	addons.manager	DEBUG	Registering shutdown blocker for LightweightThemeManager
1447020412767	addons.manager	DEBUG	Provider finished startup: LightweightThemeManager
1447020412767	addons.manager	DEBUG	Starting provider: GMPProvider
1447020412774	addons.manager	DEBUG	Registering shutdown blocker for GMPProvider
1447020412774	addons.manager	DEBUG	Provider finished startup: GMPProvider
1447020412774	addons.manager	DEBUG	Starting provider: PluginProvider
1447020412775	addons.manager	DEBUG	Registering shutdown blocker for PluginProvider
1447020412775	addons.manager	DEBUG	Provider finished startup: PluginProvider
1447020412775	addons.manager	DEBUG	Completed startup sequence
1447020413194	addons.manager	DEBUG	Starting provider: <unnamed-provider>
1447020413194	addons.manager	DEBUG	Registering shutdown blocker for <unnamed-provider>
1447020413194	addons.manager	DEBUG	Provider finished startup: <unnamed-provider>
1447020413314	DeferredSave.extensions.json	DEBUG	Starting write
1447020413668	addons.repository	DEBUG	No addons.json found.
1447020413669	DeferredSave.addons.json	DEBUG	Save changes
1447020413673	DeferredSave.addons.json	DEBUG	Starting timer
1447020413702	addons.manager	DEBUG	Starting provider: PreviousExperimentProvider
1447020413703	addons.manager	DEBUG	Registering shutdown blocker for PreviousExperimentProvider
1447020413703	addons.manager	DEBUG	Provider finished startup: PreviousExperimentProvider
1447020413706	DeferredSave.extensions.json	DEBUG	Write succeeded
1447020413706	addons.xpi-utils	DEBUG	XPI Database saved, setting schema version preference to 17
1447020413730	DeferredSave.addons.json	DEBUG	Starting write
1447020413743	DeferredSave.addons.json	DEBUG	Write succeeded
JavaScript error: resource://skype_ff_extension-at-jetpack/skype_ff_extension/data/c2c_options_menu_localization.js, line 189: TypeError: document.getElementById(...) is null
1447020424517	addons.xpi	DEBUG	Calling bootstrap method shutdown on {82AF8DCA-6DE9-405D-BD5E-43525BDAD38A} version 7.5.0.9082
1447020424871	addons.manager	DEBUG	shutdown
1447020424871	addons.manager	DEBUG	Calling shutdown blocker for XPIProvider
1447020424871	addons.xpi	DEBUG	shutdown
1447020424872	addons.xpi-utils	DEBUG	shutdown
1447020424872	addons.manager	DEBUG	Calling shutdown blocker for LightweightThemeManager
1447020424872	addons.manager	DEBUG	Calling shutdown blocker for GMPProvider
1447020424874	addons.manager	DEBUG	Calling shutdown blocker for PluginProvider
1447020424875	addons.manager	DEBUG	Calling shutdown blocker for <unnamed-provider>
1447020424876	addons.manager	DEBUG	Calling shutdown blocker for PreviousExperimentProvider
1447020424880	addons.xpi	DEBUG	Notifying XPI shutdown observers
1447020424885	addons.manager	DEBUG	Async provider shutdown done

	at org.openqa.selenium.firefox.internal.NewProfileExtensionConnection.start(NewProfileExtensionConnection.java:122)
	... 29 more
]]>
    </error>
  </testcase> <!-- f -->
</testsuite> <!-- scripts.workflows.Test232 -->
