<?xml version="1.0" encoding="UTF-8"?>
<!-- Generated by org.testng.reporters.JUnitReportReporter -->
<testsuite hostname="Aditya-PC" name="ctaf.accelerators.TestDriver" tests="1" failures="0" timestamp="23 Aug 2015 14:26:49 GMT" time="0.015" errors="0">
  <testcase name="test" time="0.015" classname="ctaf.accelerators.TestDriver"/>
</testsuite> <!-- ctaf.accelerators.TestDriver -->
