<?xml version="1.0" encoding="UTF-8"?>
<!-- Generated by org.testng.reporters.JUnitReportReporter -->
<testsuite hostname="admin-PC" name="scripts.signin.SearchProduct" tests="1" failures="0" timestamp="16 Nov 2015 18:21:17 GMT" time="30.264" errors="0">
  <testcase name="searchValidProduct" time="30.264" classname="scripts.signin.SearchProduct"/>
</testsuite> <!-- scripts.signin.SearchProduct -->
