<?xml version="1.0" encoding="UTF-8"?>
<!-- Generated by org.testng.reporters.JUnitReportReporter -->
<testsuite hostname="admin-PC" name="com.selenium.com.githubdemo.CheckerInGit" tests="1" failures="0" timestamp="25 Jul 2015 20:18:52 GMT" time="0.018" errors="0">
  <testcase name="check" time="0.018" classname="com.selenium.com.githubdemo.CheckerInGit"/>
</testsuite> <!-- com.selenium.com.githubdemo.CheckerInGit -->
